#
# There is insufficient memory for the Java Runtime Environment to continue.
# Native memory allocation (malloc) failed to allocate 1048576 bytes for AllocateHeap
# Possible reasons:
#   The system is out of physical RAM or swap space
#   The process is running with CompressedOops enabled, and the Java Heap may be blocking the growth of the native heap
# Possible solutions:
#   Reduce memory load on the system
#   Increase physical memory or swap space
#   Check if swap backing store is full
#   Decrease Java heap size (-Xmx/-Xms)
#   Decrease number of Java threads
#   Decrease Java thread stack sizes (-Xss)
#   Set larger code cache with -XX:ReservedCodeCacheSize=
#   JVM is running with Unscaled Compressed Oops mode in which the Java heap is
#     placed in the first 4GB address space. The Java Heap base address is the
#     maximum limit for the native heap growth. Please use -XX:HeapBaseMinAddress
#     to set the Java Heap base and to place the Java Heap above 4GB virtual address.
# This output file may be truncated or incomplete.
#
#  Out of Memory Error (memory/allocation.inline.hpp:61), pid=7964, tid=0x0000000000004b68
#
# JRE version:  (8.0_201-b09) (build )
# Java VM: Java HotSpot(TM) 64-Bit Server VM (25.201-b09 mixed mode windows-amd64 compressed oops)
# Failed to write core dump. Minidumps are not enabled by default on client versions of Windows
#

---------------  T H R E A D  ---------------

Current thread (0x0000000002edd800):  JavaThread "Unknown thread" [_thread_in_vm, id=19304, stack(0x0000000003020000,0x0000000003120000)]

Stack: [0x0000000003020000,0x0000000003120000]
[error occurred during error reporting (printing stack bounds), id 0xc0000005]

Native frames: (J=compiled Java code, j=interpreted, Vv=VM code, C=native code)


---------------  P R O C E S S  ---------------

Java Threads: ( => current thread )

Other Threads:

=>0x0000000002edd800 (exited) JavaThread "Unknown thread" [_thread_in_vm, id=19304, stack(0x0000000003020000,0x0000000003120000)]

VM state:not at safepoint (normal execution)

VM Mutex/Monitor currently owned by a thread: None

heap address: 0x0000000082800000, size: 2008 MB, Compressed Oops mode: 32-bit
Narrow klass base: 0x0000000000000000, Narrow klass shift: 3
Compressed class space size: 1073741824 Address: 0x0000000100000000

Heap:
 PSYoungGen      total 2048K, used 30K [0x00000000d6300000, 0x00000000d6580000, 0x0000000100000000)
  eden space 1536K, 2% used [0x00000000d6300000,0x00000000d6307af0,0x00000000d6480000)
  from space 512K, 0% used [0x00000000d6500000,0x00000000d6500000,0x00000000d6580000)
  to   space 512K, 0% used [0x00000000d6480000,0x00000000d6480000,0x00000000d6500000)
 ParOldGen       total 5632K, used 0K [0x0000000082800000, 0x0000000082d80000, 0x00000000d6300000)
  object space 5632K, 0% used [0x0000000082800000,0x0000000082800000,0x0000000082d80000)
 Metaspace       used 775K, capacity 4480K, committed 4480K, reserved 1056768K
  class space    used 76K, capacity 384K, committed 384K, reserved 1048576K

Card table byte_map: [0x00000000125e0000,0x00000000129d0000] byte_map_base: 0x00000000121cc000

Marking Bits: (ParMarkBitMap*) 0x0000000050ce4ce0
 Begin Bits: [0x0000000013070000, 0x0000000014fd0000)
 End Bits:   [0x0000000014fd0000, 0x0000000016f30000)

Polling page: 0x00000000012b0000

CodeCache: size=245760Kb used=328Kb max_used=328Kb free=245431Kb
 bounds [0x0000000003220000, 0x0000000003490000, 0x0000000012220000]
 total_blobs=58 nmethods=0 adapters=38
 compilation: enabled

Compilation events (0 events):
No events

GC Heap History (0 events):
No events

Deoptimization events (0 events):
No events

Classes redefined (0 events):
No events

Internal exceptions (0 events):
No events

Events (10 events):
Event: 0.018 loading class java/lang/Short
Event: 0.018 loading class java/lang/Short done
Event: 0.018 loading class java/lang/Integer
Event: 0.018 loading class java/lang/Integer done
Event: 0.018 loading class java/lang/Long
Event: 0.018 loading class java/lang/Long done
Event: 0.019 loading class java/lang/NullPointerException
Event: 0.019 loading class java/lang/NullPointerException done
Event: 0.019 loading class java/lang/ArithmeticException
Event: 0.019 loading class java/lang/ArithmeticException done


Dynamic libraries:
0x00007ff6b96b0000 - 0x00007ff6b96b7000 	C:\Program Files\Java\jdk1.8.0_201\bin\javac.exe
0x00007ffcb2b50000 - 0x00007ffcb2d64000 	C:\WINDOWS\SYSTEM32\ntdll.dll
0x00007ffcb1330000 - 0x00007ffcb13f2000 	C:\WINDOWS\System32\KERNEL32.DLL
0x00007ffcaff50000 - 0x00007ffcb02ed000 	C:\WINDOWS\System32\KERNELBASE.dll
0x00007ffc9dfa0000 - 0x00007ffc9dfcf000 	C:\Program Files\Java\jdk1.8.0_201\bin\jli.dll
0x0000000050e50000 - 0x0000000050f21000 	C:\Program Files\Java\jdk1.8.0_201\bin\MSVCR100.dll
0x00007ffcb29d0000 - 0x00007ffcb2a7e000 	C:\WINDOWS\System32\ADVAPI32.dll
0x00007ffcb0b70000 - 0x00007ffcb0c17000 	C:\WINDOWS\System32\msvcrt.dll
0x00007ffcb1b30000 - 0x00007ffcb1bd4000 	C:\WINDOWS\System32\sechost.dll
0x00007ffcb09a0000 - 0x00007ffcb0ab5000 	C:\WINDOWS\System32\RPCRT4.dll
0x00007ffcb1f20000 - 0x00007ffcb20ca000 	C:\WINDOWS\System32\USER32.dll
0x00007ffc9cd00000 - 0x00007ffc9cf8e000 	C:\WINDOWS\WinSxS\amd64_microsoft.windows.common-controls_6595b64144ccf1df_6.0.22621.608_none_a9444ca7c10bb01d\COMCTL32.dll
0x00007ffcb06e0000 - 0x00007ffcb0706000 	C:\WINDOWS\System32\win32u.dll
0x00007ffcb0b40000 - 0x00007ffcb0b69000 	C:\WINDOWS\System32\GDI32.dll
0x00007ffcb0410000 - 0x00007ffcb0522000 	C:\WINDOWS\System32\gdi32full.dll
0x00007ffcb0710000 - 0x00007ffcb07aa000 	C:\WINDOWS\System32\msvcp_win.dll
0x00007ffcb02f0000 - 0x00007ffcb0401000 	C:\WINDOWS\System32\ucrtbase.dll
0x00007ffcb2a90000 - 0x00007ffcb2ac2000 	C:\WINDOWS\System32\IMM32.DLL
0x0000000050d70000 - 0x0000000050e41000 	C:\Program Files\Java\jdk1.8.0_201\jre\bin\msvcr100.dll
0x00000000504c0000 - 0x0000000050d64000 	C:\Program Files\Java\jdk1.8.0_201\jre\bin\server\jvm.dll
0x00007ffcb2ad0000 - 0x00007ffcb2ad8000 	C:\WINDOWS\System32\PSAPI.DLL
0x00007ffca79c0000 - 0x00007ffca79f4000 	C:\WINDOWS\SYSTEM32\WINMM.dll
0x00007ffca19d0000 - 0x00007ffca19da000 	C:\WINDOWS\SYSTEM32\VERSION.dll
0x00007ffc984d0000 - 0x00007ffc984d9000 	C:\WINDOWS\SYSTEM32\WSOCK32.dll
0x00007ffcb0920000 - 0x00007ffcb0991000 	C:\WINDOWS\System32\WS2_32.dll
0x00007ffca1140000 - 0x00007ffca114f000 	C:\Program Files\Java\jdk1.8.0_201\jre\bin\verify.dll
0x00007ffc9df70000 - 0x00007ffc9df99000 	C:\Program Files\Java\jdk1.8.0_201\jre\bin\java.dll
0x00007ffc9f120000 - 0x00007ffc9f136000 	C:\Program Files\Java\jdk1.8.0_201\jre\bin\zip.dll

VM Arguments:
jvm_args: -Dapplication.home=C:\Program Files\Java\jdk1.8.0_201 -Xms8m 
java_command: com.sun.tools.javac.Main Q1.java
java_class_path (initial): C:\Program Files\Java\jdk1.8.0_201/lib/tools.jar;C:\Program Files\Java\jdk1.8.0_201/classes
Launcher Type: SUN_STANDARD

Environment Variables:
PATH=C:\Program Files (x86)\Common Files\Oracle\Java\javapath;C:\WINDOWS\system32;C:\WINDOWS;C:\WINDOWS\System32\Wbem;C:\WINDOWS\System32\WindowsPowerShell\v1.0\;C:\WINDOWS\System32\OpenSSH\;C:\Program Files\Java\jdk1.8.0_333\bin;C:\Program Files (x86)\dotnet\;C:\Program Files\Java\jdk1.8.0_201\bin;C:\Program Files\Git\cmd;C:\Program Files\dotnet\;C:\Program Files\MySQL\MySQL Shell 8.0\bin\;C:\Users\ketan\AppData\Local\Microsoft\WindowsApps;C:\msys64\mingw64\bin;;C:\Users\ketan\AppData\Local\Programs\Microsoft VS Code\bin
USERNAME=ketan
OS=Windows_NT
PROCESSOR_IDENTIFIER=Intel64 Family 6 Model 142 Stepping 12, GenuineIntel



---------------  S Y S T E M  ---------------

OS: Windows 10.0 , 64 bit Build 22621 (10.0.22621.755)

CPU:total 4 (initial active 4) (2 cores per cpu, 2 threads per core) family 6 model 142 stepping 12, cmov, cx8, fxsr, mmx, sse, sse2, sse3, ssse3, sse4.1, sse4.2, popcnt, avx, avx2, aes, clmul, erms, 3dnowpref, lzcnt, ht, tsc, tscinvbit, bmi1, bmi2, adx

Memory: 4k page, physical 8218932k(630732k free), swap 10316084k(5884k free)

vm_info: Java HotSpot(TM) 64-Bit Server VM (25.201-b09) for windows-amd64 JRE (1.8.0_201-b09), built on Dec 15 2018 18:36:39 by "java_re" with MS VC++ 10.0 (VS2010)

time: Mon Nov 14 11:01:51 2022
timezone: India Standard Time
elapsed time: 0 seconds (0d 0h 0m 0s)

